<?xml version="1.0" encoding="utf-8"?><testsuite errors="0" failures="0" name="pytest" skips="0" tests="17" time="5.568"><testcase classname="" file="setup.py" line="-1" name="setup" time="0.024965763092041016"></testcase><testcase classname="" file="idftags/__init__.py" line="-1" name="idftags.__init__" time="0.0017418861389160156"></testcase><testcase classname="" file="idftags/cli.py" line="-1" name="idftags.cli" time="0.005328178405761719"></testcase><testcase classname="" file="idftags/idf_tag.py" line="-1" name="idftags.idf_tag" time="0.066650390625"></testcase><testcase classname="" file="tests/test_cli.py" line="-1" name="tests.test_cli" time="0.02456212043762207"></testcase><testcase classname="tests.test_cli.TestHelp" file="tests/test_cli.py" line="17" name="test_help" time="0.7619266510009766"></testcase><testcase classname="tests.test_cli.TestHelp" file="tests/test_cli.py" line="27" name="test_recursive_and_path" time="0.7948653697967529"></testcase><testcase classname="tests.test_cli.TestVersion" file="tests/test_cli.py" line="47" name="test_version_short" time="0.39050745964050293"></testcase><testcase classname="tests.test_cli.TestVersion" file="tests/test_cli.py" line="54" name="test_version_long" time="0.40308046340942383"></testcase><testcase classname="tests.test_cli.TestIdfTagsCLI" file="tests/test_cli.py" line="97" name="test_without_recursive" time="0.3954355716705322"></testcase><testcase classname="tests.test_cli.TestIdfTagsCLI" file="tests/test_cli.py" line="105" name="test_with_recursive" time="0.3985116481781006"></testcase><testcase classname="tests.test_cli.TestIdfTagsCLI" file="tests/test_cli.py" line="113" name="test_with_path" time="0.3932673931121826"></testcase><testcase classname="" file="tests/test_idftags.py" line="-1" name="tests.test_idftags" time="0.018878936767578125"></testcase><testcase classname="tests.test_idftags.TestIdfTags" file="tests/test_idftags.py" line="19" name="test_lint_and_tag_file" time="0.0018515586853027344"></testcase><testcase classname="tests.test_idftags.TestIdfTags" file="tests/test_idftags.py" line="53" name="test_not_ref_class_up_to_date" time="1.7663187980651855"></testcase><testcase classname="tests.test_idftags.TestIdfTags" file="tests/test_idftags.py" line="63" name="test_tags_idf_not_idf" time="0.0007395744323730469"></testcase><testcase classname="tests.test_idftags.TestIdfTags" file="tests/test_idftags.py" line="70" name="test_tags_idf_bad_idf" time="0.0005772113800048828"></testcase></testsuite>