<?xml version="1.0" encoding="utf-8"?><testsuite errors="0" failures="0" name="pytest" skips="0" tests="11" time="5.286"><testcase classname="tests.test_cli.TestHelp" file="tests/test_cli.py" line="17" name="test_help" time="0.7757327556610107"></testcase><testcase classname="tests.test_cli.TestHelp" file="tests/test_cli.py" line="27" name="test_recursive_and_path" time="0.7665505409240723"></testcase><testcase classname="tests.test_cli.TestVersion" file="tests/test_cli.py" line="47" name="test_version_short" time="0.38400697708129883"></testcase><testcase classname="tests.test_cli.TestVersion" file="tests/test_cli.py" line="54" name="test_version_long" time="0.3837413787841797"></testcase><testcase classname="tests.test_cli.TestIdfTagsCLI" file="tests/test_cli.py" line="97" name="test_without_recursive" time="0.386868953704834"></testcase><testcase classname="tests.test_cli.TestIdfTagsCLI" file="tests/test_cli.py" line="105" name="test_with_recursive" time="0.37592506408691406"></testcase><testcase classname="tests.test_cli.TestIdfTagsCLI" file="tests/test_cli.py" line="113" name="test_with_path" time="0.379680871963501"></testcase><testcase classname="tests.test_idftags.TestIdfTags" file="tests/test_idftags.py" line="19" name="test_lint_and_tag_file" time="0.0032694339752197266"></testcase><testcase classname="tests.test_idftags.TestIdfTags" file="tests/test_idftags.py" line="53" name="test_not_ref_class_up_to_date" time="1.7443413734436035"></testcase><testcase classname="tests.test_idftags.TestIdfTags" file="tests/test_idftags.py" line="63" name="test_tags_idf_not_idf" time="0.0008046627044677734"></testcase><testcase classname="tests.test_idftags.TestIdfTags" file="tests/test_idftags.py" line="70" name="test_tags_idf_bad_idf" time="0.000560760498046875"></testcase></testsuite>